#! /c/Source/iverilog-install/bin/vvp
:ivl_version "12.0 (devel)" "(s20150603-1539-g2693dd32b)";
:ivl_delay_selection "TYPICAL";
:vpi_time_precision + 0;
:vpi_module "C:\iverilog\lib\ivl\system.vpi";
:vpi_module "C:\iverilog\lib\ivl\vhdl_sys.vpi";
:vpi_module "C:\iverilog\lib\ivl\vhdl_textio.vpi";
:vpi_module "C:\iverilog\lib\ivl\v2005_math.vpi";
:vpi_module "C:\iverilog\lib\ivl\va_math.vpi";
S_00000159a66c5630 .scope module, "and_gate" "and_gate" 2 10;
 .timescale 0 0;
    .port_info 0 /INPUT 1 "a";
    .port_info 1 /INPUT 1 "b";
    .port_info 2 /OUTPUT 1 "out";
o00000159a66c6fd8 .functor BUFZ 1, C4<z>; HiZ drive
o00000159a66c7008 .functor BUFZ 1, C4<z>; HiZ drive
L_00000159a67e9350 .functor AND 1, o00000159a66c6fd8, o00000159a66c7008, C4<1>, C4<1>;
v00000159a67e6e60_0 .net "a", 0 0, o00000159a66c6fd8;  0 drivers
v00000159a67e69e0_0 .net "b", 0 0, o00000159a66c7008;  0 drivers
v00000159a67e92b0_0 .net "out", 0 0, L_00000159a67e9350;  1 drivers
S_00000159a66c57c0 .scope module, "xor_gate" "xor_gate" 2 1;
 .timescale 0 0;
    .port_info 0 /INPUT 1 "a";
    .port_info 1 /INPUT 1 "b";
    .port_info 2 /OUTPUT 1 "out";
o00000159a66c70f8 .functor BUFZ 1, C4<z>; HiZ drive
o00000159a66c7128 .functor BUFZ 1, C4<z>; HiZ drive
L_00000159a67e6c40 .functor XOR 1, o00000159a66c70f8, o00000159a66c7128, C4<0>, C4<0>;
v00000159a66c5950_0 .net "a", 0 0, o00000159a66c70f8;  0 drivers
v00000159a66c59f0_0 .net "b", 0 0, o00000159a66c7128;  0 drivers
v00000159a67ed920_0 .net "out", 0 0, L_00000159a67e6c40;  1 drivers
# The file index is used to find the file name in the following table.
:file_names 3;
    "N/A";
    "<interactive>";
    "gates.v";
